[2026-04-21T16:42:06.148] [DEBUG] debug-file - env: nodejsVersion=v18.20.1
[2026-04-21T16:42:06.624] [DEBUG] debug-file - Hvigor init with startParameters:{
  hvigorfileTypeCheck: false,
  parallelExecution: true,
  incrementalExecution: true,
  printStackTrace: false,
  daemon: false,
  analyze: 0,
  logLevel: Level { level: 20000, levelStr: 'INFO', colour: 'green' },
  optimizationStrategy: 'memory',
  hotCompile: undefined,
  hotReloadBuild: undefined,
  customizedParam: undefined
}
[2026-04-21T16:42:08.957] [DEBUG] debug-file - hvigorfile, require result:  { appTasks: [Getter] }
[2026-04-21T16:42:08.958] [DEBUG] debug-file - Starting plugin build process
[2026-04-21T16:42:09.104] [DEBUG] debug-file - App plugin register hook start...
[2026-04-21T16:42:09.107] [DEBUG] debug-file - Start initialize project's product build option map with build mode debug.
[2026-04-21T16:42:09.111] [DEBUG] debug-file - Obtain build option for product 'default'in this build.
[2026-04-21T16:42:09.121] [DEBUG] debug-file - Start recording SDK configuration permission data.
[2026-04-21T16:42:09.158] [DEBUG] debug-file - Project task initialization takes 5 ms 
[2026-04-21T16:42:09.166] [DEBUG] debug-file - failed to load cangjie to dynamically generate schemas: Error: Cannot find module '@ohos/cangjie-build-support/index'
Require stack:
- D:\DevEco Studio\tools\hvigor\hvigor-ohos-plugin\src\plugin\hooks\cangjie-register.js
- D:\DevEco Studio\tools\hvigor\hvigor-ohos-plugin\src\plugin\strategy\stage-init-strategy.js
- D:\DevEco Studio\tools\hvigor\hvigor-ohos-plugin\src\plugin\builder\abstract-plugin-builder.js
- D:\DevEco Studio\tools\hvigor\hvigor-ohos-plugin\src\plugin\builder\app-plugin-builder.js
- D:\DevEco Studio\tools\hvigor\hvigor-ohos-plugin\src\plugin\factory\plugin-factory.js
- D:\DevEco Studio\tools\hvigor\hvigor-ohos-plugin\index.js
- D:\CanvasComponent-master\CanvasComponent-master\hvigorfile.ts
- D:\DevEco Studio\tools\hvigor\hvigor\src\base\internal\lifecycle\configuration.js
- D:\DevEco Studio\tools\hvigor\hvigor\src\base\boot\index.js
- D:\DevEco Studio\tools\hvigor\hvigor\src\cli\main\cli.js
- D:\DevEco Studio\tools\hvigor\hvigor\bin\hvigor.js
[2026-04-21T16:42:09.177] [DEBUG] debug-file - Start initialize module-target build option map, moduleName=entry, buildMode=release
[2026-04-21T16:42:09.182] [DEBUG] debug-file - project has submodules:entry
[2026-04-21T16:42:09.184] [DEBUG] debug-file - start to load updatedOhPackageInfo to the disk
[2026-04-21T16:42:06.150] [DEBUG] debug-file - env: hvigor-config.json5 content = { modelVersion: '5.0.0', dependencies: {} }
[2026-04-21T16:42:09.191] [DEBUG] debug-file - Start to initialize dependency information.
[2026-04-21T16:42:09.201] [DEBUG] debug-file - entry : clean cost memory 0.10943603515625
[2026-04-21T16:42:09.229] [DEBUG] debug-file - Create  resident worker with id: 0.
[2026-04-21T16:42:06.624] [DEBUG] debug-file - Since current hvigor version 6.22.4 differs from last hvigor version 
      undefined, delete file-cache.json and task-cache.json.
[2026-04-21T16:42:08.957] [DEBUG] debug-file - hvigorfile, binding system plugins { appTasks: [Getter] }
[2026-04-21T16:42:08.959] [DEBUG] debug-file - App plugin prepare start...
[2026-04-21T16:42:09.104] [DEBUG] debug-file - App plugin register hook end...
[2026-04-21T16:42:09.112] [DEBUG] debug-file - No signingConfig found, initRemoteHspCache failed.
[2026-04-21T16:42:09.107] [DEBUG] debug-file - Picking option from product 'default' with build mode 'debug'.
[2026-04-21T16:42:09.152] [DEBUG] debug-file - Sdk init in 39 ms 
[2026-04-21T16:42:09.159] [DEBUG] debug-file - hvigorfile, resolve finished D:\CanvasComponent-master\CanvasComponent-master\hvigorfile.ts
[2026-04-21T16:42:09.177] [DEBUG] debug-file - Target 'default' config initialized
[2026-04-21T16:42:09.187] [DEBUG] debug-file - load to the disk finished
[2026-04-21T16:42:06.152] [DEBUG] debug-file - env: daemon=false
[2026-04-21T16:42:09.195] [DEBUG] debug-file - Module entry Collected Dependency: 
[2026-04-21T16:42:09.201] [DEBUG] debug-file - runTaskFromQueue task cost before running: 2 s 585 ms 
[2026-04-21T16:42:09.231] [DEBUG] debug-file - Create  resident worker with id: 1.
[2026-04-21T16:42:06.625] [DEBUG] debug-file - Cache service initialization finished in 1 ms 
[2026-04-21T16:42:08.959] [DEBUG] debug-file - App plugin prepare end...
[2026-04-21T16:42:09.104] [DEBUG] debug-file - Plugin build process completed
[2026-04-21T16:42:09.107] [DEBUG] debug-file - Product 'default' build option initialized
[2026-04-21T16:42:09.114] [DEBUG] debug-file - Local scan or download HarmonyOS sdk components toolchains,ets,js,native,previewer
[2026-04-21T16:42:09.159] [DEBUG] debug-file - hvigorfile, resolving D:\CanvasComponent-master\CanvasComponent-master\entry\hvigorfile.ts
[2026-04-21T16:42:09.177] [DEBUG] debug-file - Module 'entry' target 'default' build option initialized
[2026-04-21T16:42:09.188] [DEBUG] debug-file - Start to initialize dependency information.
[2026-04-21T16:42:06.152] [DEBUG] debug-file - no-daemon, use the parent process.execArgv --max-old-space-size=8192,--max-semi-space-size=16,--expose-gc
[2026-04-21T16:42:09.195] [DEBUG] debug-file - Module entry's total dependency: 0
[2026-04-21T16:42:09.202] [INFO] debug-file - Finished :entry:clean... after 2 ms 
[2026-04-21T16:42:09.234] [DEBUG] debug-file - Current worker pool is stopped or closed.
[2026-04-21T16:42:06.626] [DEBUG] debug-file - hvigorfile, resolving D:\CanvasComponent-master\CanvasComponent-master\hvigorfile.ts
[2026-04-21T16:42:08.959] [DEBUG] debug-file - App plugin creating...
[2026-04-21T16:42:09.107] [DEBUG] debug-file - End initialize project's product build option map with build mode 'debug'.
[2026-04-21T16:42:09.118] [DEBUG] debug-file - Local scan or download hmscore sdk components toolchains,ets,native
[2026-04-21T16:42:09.164] [DEBUG] debug-file - hvigorfile, require result:  { hapTasks: [Getter] }
[2026-04-21T16:42:09.190] [DEBUG] debug-file - Module CanvasComponent-master Collected Dependency: 
[2026-04-21T16:42:09.177] [DEBUG] debug-file - End initialize module-target build option map, moduleName=entry
[2026-04-21T16:42:09.198] [DEBUG] debug-file - Configuration phase cost:2 s 573 ms 
[2026-04-21T16:42:09.202] [DEBUG] debug-file - Executing task ::clean
[2026-04-21T16:42:09.234] [DEBUG] debug-file - Clear worker 0.
[2026-04-21T16:42:09.190] [DEBUG] debug-file - Module CanvasComponent-master's total dependency: 0
[2026-04-21T16:42:09.164] [DEBUG] debug-file - hvigorfile, binding system plugins { hapTasks: [Getter] }
[2026-04-21T16:42:09.177] [DEBUG] debug-file - Start initialize module-target build option map, moduleName=entry, buildMode=debug
[2026-04-21T16:42:09.199] [DEBUG] debug-file - Configuration task cost before running: 2 s 583 ms 
[2026-04-21T16:42:09.202] [DEBUG] debug-file - clean: Worker pool is inactive.
[2026-04-21T16:42:09.234] [DEBUG] debug-file - Worker 0 has been cleared.
[2026-04-21T16:42:09.164] [DEBUG] debug-file - Starting plugin build process
[2026-04-21T16:42:09.177] [DEBUG] debug-file - Target 'default' config initialized
[2026-04-21T16:42:09.200] [DEBUG] debug-file - Executing task :entry:clean
[2026-04-21T16:42:09.202] [DEBUG] debug-file - CanvasComponent-master : clean cost memory 0.01987457275390625
[2026-04-21T16:42:09.234] [DEBUG] debug-file - Current idle worker size: 1.
[2026-04-21T16:42:09.177] [DEBUG] debug-file - Module 'entry' target 'default' build option initialized
[2026-04-21T16:42:09.164] [DEBUG] debug-file - Hap plugin creating...
[2026-04-21T16:42:09.200] [DEBUG] debug-file - clean: Worker pool is inactive.
[2026-04-21T16:42:09.202] [DEBUG] debug-file - runTaskFromQueue task cost before running: 2 s 586 ms 
[2026-04-21T16:42:09.235] [DEBUG] debug-file - Current busy worker size: 0.
[2026-04-21T16:42:09.177] [DEBUG] debug-file - End initialize module-target build option map, moduleName=entry
[2026-04-21T16:42:09.203] [INFO] debug-file - Finished ::clean... after 1 ms 
[2026-04-21T16:42:09.235] [DEBUG] debug-file - Clear worker 1.
[2026-04-21T16:42:09.177] [DEBUG] debug-file - Start initialize module-target build option map, moduleName=entry, buildMode=debug
[2026-04-21T16:42:09.203] [DEBUG] debug-file - Executing task :entry:init
[2026-04-21T16:42:09.235] [DEBUG] debug-file - Worker 1 has been cleared.
[2026-04-21T16:42:09.177] [DEBUG] debug-file - Target 'default' config initialized
[2026-04-21T16:42:09.203] [DEBUG] debug-file - entry : init cost memory 0.01265716552734375
[2026-04-21T16:42:09.235] [DEBUG] debug-file - Current idle worker size: 0.
[2026-04-21T16:42:09.203] [DEBUG] debug-file - runTaskFromQueue task cost before running: 2 s 587 ms 
[2026-04-21T16:42:09.177] [DEBUG] debug-file - Module 'entry' target 'default' build option initialized
[2026-04-21T16:42:09.235] [DEBUG] debug-file - Current busy worker size: 0.
[2026-04-21T16:42:09.177] [DEBUG] debug-file - End initialize module-target build option map, moduleName=entry
[2026-04-21T16:42:09.203] [INFO] debug-file - Finished :entry:init... after 1 ms 
[2026-04-21T16:42:09.236] [DEBUG] debug-file - hvigor build process will be closed.
[2026-04-21T16:42:09.178] [DEBUG] debug-file - Obtain build option for module 'entry' target 'default'in this build.
[2026-04-21T16:42:09.203] [DEBUG] debug-file - Executing task ::init
[2026-04-21T16:42:09.241] [DEBUG] debug-file - worker[0] exits with exit code 0.
[2026-04-21T16:42:09.181] [DEBUG] debug-file - Module entry task initialization takes 3 ms 
[2026-04-21T16:42:09.241] [DEBUG] debug-file - worker[1] exits with exit code 0.
[2026-04-21T16:42:09.203] [DEBUG] debug-file - CanvasComponent-master : init cost memory 0.01143646240234375
[2026-04-21T16:42:09.181] [DEBUG] debug-file - Hap plugin register hook start...
[2026-04-21T16:42:09.241] [DEBUG] debug-file - Current worker pool is terminated.
[2026-04-21T16:42:09.203] [DEBUG] debug-file - runTaskFromQueue task cost before running: 2 s 587 ms 
[2026-04-21T16:42:09.181] [DEBUG] debug-file - Hap plugin register hook end...
[2026-04-21T16:42:09.203] [INFO] debug-file - Finished ::init... after 1 ms 
[2026-04-21T16:42:09.181] [DEBUG] debug-file - Plugin build process completed
[2026-04-21T16:42:09.218] [DEBUG] debug-file - Obtain build option for module 'entry' target 'default'in this build.
[2026-04-21T16:42:09.181] [DEBUG] debug-file - hvigorfile, resolve finished D:\CanvasComponent-master\CanvasComponent-master\entry\hvigorfile.ts
[2026-04-21T16:42:09.226] [DEBUG] debug-file - Since there is no instance or instance is terminated, create a new worker pool.
[2026-04-21T16:42:09.226] [DEBUG] debug-file - Worker pool is initialized with config:  {
  minPoolNum: 2,
  maxPoolNum: undefined,
  maxCoreSize: undefined,
  cacheCapacity: undefined,
  cacheTtl: undefined
}
[2026-04-21T16:43:10.248] [DEBUG] debug-file - env: nodejsVersion=v18.20.1
[2026-04-21T16:43:10.334] [DEBUG] debug-file - env: daemon=true
[2026-04-21T16:43:10.250] [DEBUG] debug-file - env: hvigor-config.json5 content = { modelVersion: '5.0.0', dependencies: {} }
[2026-04-21T16:43:11.285] [DEBUG] debug-file - java daemon tryConnect failed Error: connect ECONNREFUSED 127.0.0.1:45050
[2026-04-21T16:43:11.344] [DEBUG] debug-file - java daemon started at port 45050 pid 46108
[2026-04-21T16:43:11.386] [DEBUG] debug-file - session manager: set active socket. socketId=lxPBL6GkbHUAeYHUAAAB
[2026-04-21T16:43:12.157] [DEBUG] debug-file - watch worker: worker id should be larger than 0. Nothing will be sent to any worker thread.
[2026-04-21T16:43:12.160] [DEBUG] debug-file - Since there is no instance or instance is terminated, create a new worker pool.
[2026-04-21T16:43:12.161] [DEBUG] debug-file - Worker pool is initialized with config:  {
  minPoolNum: 2,
  maxPoolNum: undefined,
  maxCoreSize: undefined,
  cacheCapacity: undefined,
  cacheTtl: undefined
}
[2026-04-21T16:43:12.162] [DEBUG] debug-file - Create  resident worker with id: 0.
[2026-04-21T16:43:12.164] [DEBUG] debug-file - Create  resident worker with id: 1.
[2026-04-21T16:43:12.166] [DEBUG] debug-file - Workers' log level updated to INFO
[2026-04-21T16:43:12.172] [DEBUG] debug-file - Hvigor init with startParameters:{
  hvigorfileTypeCheck: false,
  parallelExecution: true,
  incrementalExecution: true,
  printStackTrace: false,
  daemon: true,
  analyze: 0,
  logLevel: Level { level: 20000, levelStr: 'INFO', colour: 'green' },
  optimizationStrategy: 'memory',
  hotCompile: undefined,
  hotReloadBuild: undefined,
  customizedParam: undefined
}
[2026-04-21T16:43:12.173] [DEBUG] debug-file - Cache service initialization finished in 1 ms 
[2026-04-21T16:43:12.175] [DEBUG] debug-file - hvigorfile, resolving D:\CanvasComponent-master\CanvasComponent-master\hvigorfile.ts
[2026-04-21T16:43:13.952] [DEBUG] debug-file - hvigorfile, require result:  {}
[2026-04-21T16:43:13.952] [DEBUG] debug-file - hvigorfile, binding system plugins {}
[2026-04-21T16:43:13.953] [DEBUG] debug-file - Starting plugin build process
[2026-04-21T16:43:13.953] [DEBUG] debug-file - App plugin prepare start...
[2026-04-21T16:43:13.953] [DEBUG] debug-file - App plugin prepare end...
[2026-04-21T16:43:13.953] [DEBUG] debug-file - App plugin creating...
[2026-04-21T16:43:14.109] [DEBUG] debug-file - App plugin register hook start...
[2026-04-21T16:43:14.109] [DEBUG] debug-file - App plugin register hook end...
[2026-04-21T16:43:14.109] [DEBUG] debug-file - Plugin build process completed
[2026-04-21T16:43:14.110] [DEBUG] debug-file - Start initialize project's product build option map with build mode debug.
[2026-04-21T16:43:14.110] [DEBUG] debug-file - Picking option from product 'default' with build mode 'debug'.
[2026-04-21T16:43:14.110] [DEBUG] debug-file - Product 'default' build option initialized
[2026-04-21T16:43:14.110] [DEBUG] debug-file - End initialize project's product build option map with build mode 'debug'.
[2026-04-21T16:43:14.112] [DEBUG] debug-file - Obtain build option for product 'default'in this build.
[2026-04-21T16:43:14.113] [DEBUG] debug-file - No signingConfig found, initRemoteHspCache failed.
[2026-04-21T16:43:14.115] [DEBUG] debug-file - Local scan or download HarmonyOS sdk components toolchains,ets,js,native,previewer
[2026-04-21T16:43:14.117] [DEBUG] debug-file - Local scan or download hmscore sdk components toolchains,ets,native
[2026-04-21T16:43:14.119] [DEBUG] debug-file - Start recording SDK configuration permission data.
[2026-04-21T16:43:14.148] [DEBUG] debug-file - Sdk init in 34 ms 
[2026-04-21T16:43:14.152] [DEBUG] debug-file - Project task initialization takes 4 ms 
[2026-04-21T16:43:14.153] [DEBUG] debug-file - hvigorfile, resolve finished D:\CanvasComponent-master\CanvasComponent-master\hvigorfile.ts
[2026-04-21T16:43:14.153] [DEBUG] debug-file - hvigorfile, resolving D:\CanvasComponent-master\CanvasComponent-master\entry\hvigorfile.ts
[2026-04-21T16:43:14.158] [DEBUG] debug-file - hvigorfile, require result:  {}
[2026-04-21T16:43:14.158] [DEBUG] debug-file - hvigorfile, binding system plugins {}
[2026-04-21T16:43:14.159] [DEBUG] debug-file - Starting plugin build process
[2026-04-21T16:43:14.159] [DEBUG] debug-file - Hap plugin creating...
[2026-04-21T16:43:14.160] [DEBUG] debug-file - failed to load cangjie to dynamically generate schemas: Error: Cannot find module '@ohos/cangjie-build-support/index'
Require stack:
- D:\DevEco Studio\tools\hvigor\hvigor-ohos-plugin\src\plugin\hooks\cangjie-register.js
- D:\DevEco Studio\tools\hvigor\hvigor-ohos-plugin\src\plugin\strategy\stage-init-strategy.js
- D:\DevEco Studio\tools\hvigor\hvigor-ohos-plugin\src\plugin\builder\abstract-plugin-builder.js
- D:\DevEco Studio\tools\hvigor\hvigor-ohos-plugin\src\plugin\builder\app-plugin-builder.js
- D:\DevEco Studio\tools\hvigor\hvigor-ohos-plugin\src\plugin\factory\plugin-factory.js
- D:\DevEco Studio\tools\hvigor\hvigor-ohos-plugin\index.js
- D:\CanvasComponent-master\CanvasComponent-master\hvigorfile.ts
- D:\DevEco Studio\tools\hvigor\hvigor\src\base\internal\lifecycle\configuration.js
- D:\DevEco Studio\tools\hvigor\hvigor\src\base\boot\index.js
- D:\DevEco Studio\tools\hvigor\hvigor\src\base\daemon\cluster\worker-process-lifecycle.js
- D:\DevEco Studio\tools\hvigor\hvigor\src\base\daemon\process\daemon-process-boot-script.js
[2026-04-21T16:43:14.171] [DEBUG] debug-file - Start initialize module-target build option map, moduleName=entry, buildMode=release
[2026-04-21T16:43:14.171] [DEBUG] debug-file - Target 'default' config initialized
[2026-04-21T16:43:14.171] [DEBUG] debug-file - Module 'entry' target 'default' build option initialized
[2026-04-21T16:43:14.172] [DEBUG] debug-file - End initialize module-target build option map, moduleName=entry
[2026-04-21T16:43:14.172] [DEBUG] debug-file - Start initialize module-target build option map, moduleName=entry, buildMode=debug
[2026-04-21T16:43:14.172] [DEBUG] debug-file - Target 'default' config initialized
[2026-04-21T16:43:14.172] [DEBUG] debug-file - Module 'entry' target 'default' build option initialized
[2026-04-21T16:43:14.172] [DEBUG] debug-file - End initialize module-target build option map, moduleName=entry
[2026-04-21T16:43:14.172] [DEBUG] debug-file - Start initialize module-target build option map, moduleName=entry, buildMode=debug
[2026-04-21T16:43:14.172] [DEBUG] debug-file - Target 'default' config initialized
[2026-04-21T16:43:14.172] [DEBUG] debug-file - Module 'entry' target 'default' build option initialized
[2026-04-21T16:43:14.172] [DEBUG] debug-file - End initialize module-target build option map, moduleName=entry
[2026-04-21T16:43:14.173] [DEBUG] debug-file - Obtain build option for module 'entry' target 'default'in this build.
[2026-04-21T16:43:14.178] [DEBUG] debug-file - Module entry task initialization takes 4 ms 
[2026-04-21T16:43:14.178] [DEBUG] debug-file - Hap plugin register hook start...
[2026-04-21T16:43:14.178] [DEBUG] debug-file - Hap plugin register hook end...
[2026-04-21T16:43:14.178] [DEBUG] debug-file - Plugin build process completed
[2026-04-21T16:43:14.179] [DEBUG] debug-file - hvigorfile, resolve finished D:\CanvasComponent-master\CanvasComponent-master\entry\hvigorfile.ts
[2026-04-21T16:43:14.191] [DEBUG] debug-file - hvigorfile, resolve hvigorfile dependencies in 13 ms 
[2026-04-21T16:43:14.191] [DEBUG] debug-file - project has submodules:entry
[2026-04-21T16:43:14.193] [DEBUG] debug-file - start to load updatedOhPackageInfo to the disk
[2026-04-21T16:43:14.197] [DEBUG] debug-file - load to the disk finished
[2026-04-21T16:43:14.198] [DEBUG] debug-file - Start to initialize dependency information.
[2026-04-21T16:43:14.201] [DEBUG] debug-file - Module CanvasComponent-master Collected Dependency: 
[2026-04-21T16:43:14.201] [DEBUG] debug-file - Module CanvasComponent-master's total dependency: 0
[2026-04-21T16:43:14.203] [DEBUG] debug-file - Start to initialize dependency information.
[2026-04-21T16:43:14.206] [DEBUG] debug-file - Module entry Collected Dependency: 
[2026-04-21T16:43:14.206] [DEBUG] debug-file - Module entry's total dependency: 0
[2026-04-21T16:43:14.209] [DEBUG] debug-file - Configuration phase cost:2 s 36 ms 
[2026-04-21T16:43:14.211] [DEBUG] debug-file - Configuration task cost before running: 2 s 45 ms 
[2026-04-21T16:43:14.217] [DEBUG] debug-file - Executing task :entry:default@PreBuild
[2026-04-21T16:43:14.218] [DEBUG] debug-file - Task 'entry:default@PreBuild' cost while wrapping incremental declarations: 1 ms 
[2026-04-21T16:43:14.328] [DEBUG] debug-file - current product is not Atomic service.
[2026-04-21T16:43:14.328] [DEBUG] debug-file - Use tool [win32: JAVA_HOME, CLASSPATH]
 [ { JAVA_HOME: 'D:\\DevEco Studio\\jbr' }, { CLASSPATH: undefined } ]
[2026-04-21T16:43:14.328] [DEBUG] debug-file - Use tool [win32: NODE_HOME]
 [ { NODE_HOME: 'D:\\DevEco Studio\\tools\\node' } ]
[2026-04-21T16:43:14.329] [DEBUG] debug-file - entry : default@PreBuild cost memory 17.325912475585938
[2026-04-21T16:43:14.329] [DEBUG] debug-file - runTaskFromQueue task cost before running: 2 s 163 ms 
[2026-04-21T16:43:14.331] [INFO] debug-file - Finished :entry:default@PreBuild... after 113 ms 
[2026-04-21T16:43:14.332] [DEBUG] debug-file - Executing task :entry:default@CreateModuleInfo
[2026-04-21T16:43:14.332] [DEBUG] debug-file - Task 'entry:default@CreateModuleInfo' cost while wrapping incremental declarations: 1 ms 
[2026-04-21T16:43:14.332] [DEBUG] debug-file - entry : default@CreateModuleInfo cost memory 0.04248809814453125
[2026-04-21T16:43:14.332] [DEBUG] debug-file - runTaskFromQueue task cost before running: 2 s 167 ms 
[2026-04-21T16:43:14.333] [INFO] debug-file - Finished :entry:default@CreateModuleInfo... after 1 ms 
[2026-04-21T16:43:14.334] [DEBUG] debug-file - Executing task :entry:default@GenerateMetadata
[2026-04-21T16:43:14.334] [DEBUG] debug-file - Task 'entry:default@GenerateMetadata' cost while wrapping incremental declarations: 1 ms 
[2026-04-21T16:43:14.337] [DEBUG] debug-file - entry : default@GenerateMetadata cost memory 0.30924224853515625
[2026-04-21T16:43:14.337] [DEBUG] debug-file - runTaskFromQueue task cost before running: 2 s 171 ms 
[2026-04-21T16:43:14.337] [INFO] debug-file - Finished :entry:default@GenerateMetadata... after 4 ms 
[2026-04-21T16:43:14.338] [DEBUG] debug-file - Executing task :entry:default@ConfigureCmake
[2026-04-21T16:43:14.338] [DEBUG] debug-file - entry : default@ConfigureCmake cost memory 0.0145263671875
[2026-04-21T16:43:14.339] [DEBUG] debug-file - runTaskFromQueue task cost before running: 2 s 173 ms 
[2026-04-21T16:43:14.339] [INFO] debug-file - Finished :entry:default@ConfigureCmake... after 1 ms 
[2026-04-21T16:43:14.340] [DEBUG] debug-file - Executing task :entry:default@MergeProfile
[2026-04-21T16:43:14.341] [DEBUG] debug-file - Task 'entry:default@MergeProfile' cost while wrapping incremental declarations: 1 ms 
[2026-04-21T16:43:14.341] [DEBUG] debug-file - Change app api release type with 'Release'
[2026-04-21T16:43:14.342] [DEBUG] debug-file - Change app compile API version with '6.0.2.130'
[2026-04-21T16:43:14.342] [DEBUG] debug-file - Change app target API version with '60002022'
[2026-04-21T16:43:14.342] [DEBUG] debug-file - Change app minimum API version with '50005017'
[2026-04-21T16:43:14.342] [DEBUG] debug-file - Use cli appEnvironment
[2026-04-21T16:43:14.344] [DEBUG] debug-file - entry : default@MergeProfile cost memory 0.14728546142578125
[2026-04-21T16:43:14.344] [DEBUG] debug-file - runTaskFromQueue task cost before running: 2 s 178 ms 
[2026-04-21T16:43:14.344] [INFO] debug-file - Finished :entry:default@MergeProfile... after 5 ms 
[2026-04-21T16:43:14.346] [DEBUG] debug-file - Executing task :entry:default@CreateBuildProfile
[2026-04-21T16:43:14.346] [DEBUG] debug-file - Task 'entry:default@CreateBuildProfile' cost while wrapping incremental declarations: 1 ms 
[2026-04-21T16:43:14.348] [DEBUG] debug-file - entry : default@CreateBuildProfile cost memory 0.07581329345703125
[2026-04-21T16:43:14.348] [DEBUG] debug-file - runTaskFromQueue task cost before running: 2 s 183 ms 
[2026-04-21T16:43:14.349] [INFO] debug-file - Finished :entry:default@CreateBuildProfile... after 3 ms 
[2026-04-21T16:43:14.350] [DEBUG] debug-file - Executing task :entry:default@PreCheckSyscap
[2026-04-21T16:43:14.350] [DEBUG] debug-file - entry : default@PreCheckSyscap cost memory 0.01476287841796875
[2026-04-21T16:43:14.350] [DEBUG] debug-file - runTaskFromQueue task cost before running: 2 s 184 ms 
[2026-04-21T16:43:14.350] [INFO] debug-file - Finished :entry:default@PreCheckSyscap... after 1 ms 
[2026-04-21T16:43:14.352] [DEBUG] debug-file - Executing task :entry:default@GeneratePkgContextInfo
[2026-04-21T16:43:14.361] [DEBUG] debug-file - Task 'entry:default@GeneratePkgContextInfo' cost while wrapping incremental declarations: 1 ms 
[2026-04-21T16:43:14.361] [DEBUG] debug-file - entry : default@GeneratePkgContextInfo cost memory 0.2226104736328125
[2026-04-21T16:43:14.361] [DEBUG] debug-file - runTaskFromQueue task cost before running: 2 s 195 ms 
[2026-04-21T16:43:14.361] [INFO] debug-file - Finished :entry:default@GeneratePkgContextInfo... after 10 ms 
[2026-04-21T16:43:14.366] [DEBUG] debug-file - Executing task :entry:default@ProcessIntegratedHsp
[2026-04-21T16:43:14.367] [DEBUG] debug-file - entry : default@ProcessIntegratedHsp cost memory 0.029388427734375
[2026-04-21T16:43:14.367] [DEBUG] debug-file - runTaskFromQueue task cost before running: 2 s 201 ms 
[2026-04-21T16:43:14.367] [INFO] debug-file - Finished :entry:default@ProcessIntegratedHsp... after 1 ms 
[2026-04-21T16:43:14.369] [DEBUG] debug-file - Executing task :entry:default@BuildNativeWithCmake
[2026-04-21T16:43:14.370] [DEBUG] debug-file - entry : default@BuildNativeWithCmake cost memory 0.0149078369140625
[2026-04-21T16:43:14.370] [DEBUG] debug-file - runTaskFromQueue task cost before running: 2 s 204 ms 
[2026-04-21T16:43:14.370] [INFO] debug-file - Finished :entry:default@BuildNativeWithCmake... after 1 ms 
[2026-04-21T16:43:14.371] [DEBUG] debug-file - Executing task :entry:default@MakePackInfo
[2026-04-21T16:43:14.373] [DEBUG] debug-file - Module Pack Info:  {
  summary: {
    app: { bundleName: 'c***t', bundleType: 'app', version: [Object] },
    modules: [ [Object] ]
  },
  packages: [
    {
      deviceType: [Array],
      moduleType: 'entry',
      deliveryWithInstall: true,
      name: 'entry-default'
    }
  ]
}
[2026-04-21T16:43:14.375] [DEBUG] debug-file - entry : default@MakePackInfo cost memory 0.0994873046875
[2026-04-21T16:43:14.375] [DEBUG] debug-file - runTaskFromQueue task cost before running: 2 s 209 ms 
[2026-04-21T16:43:14.375] [INFO] debug-file - Finished :entry:default@MakePackInfo... after 4 ms 
[2026-04-21T16:43:14.377] [DEBUG] debug-file - Executing task :entry:default@SyscapTransform
[2026-04-21T16:43:14.377] [DEBUG] debug-file - File: 'D:\CanvasComponent-master\CanvasComponent-master\entry\src\main\syscap.json' from 'sysCapJsonPath' is not exists, just ignore.
[2026-04-21T16:43:14.378] [DEBUG] debug-file - Task 'entry:default@SyscapTransform' cost while wrapping incremental declarations: 1 ms 
[2026-04-21T16:43:14.379] [DEBUG] debug-file - entry : default@SyscapTransform cost memory 0.05352783203125
[2026-04-21T16:43:14.379] [DEBUG] debug-file - runTaskFromQueue task cost before running: 2 s 213 ms 
[2026-04-21T16:43:14.379] [INFO] debug-file - Finished :entry:default@SyscapTransform... after 2 ms 
[2026-04-21T16:43:14.380] [DEBUG] debug-file - Executing task :entry:default@ProcessProfile
[2026-04-21T16:43:14.381] [DEBUG] debug-file - Task 'entry:default@ProcessProfile' cost while wrapping incremental declarations: 1 ms 
[2026-04-21T16:43:14.383] [DEBUG] debug-file - [
  'D:\\DevEco Studio\\tools\\node\\node.exe',
  'D:\\DevEco Studio\\sdk\\default\\openharmony\\ets\\build-tools\\ets-loader\\bin\\ark\\ts2abc.js',
  '--target-api-version',
  '17'
]
[2026-04-21T16:43:15.700] [DEBUG] debug-file - 12.0.6.0
[2026-04-21T16:43:15.702] [DEBUG] debug-file - No need to add fake ui ability because of not in preview process.
[2026-04-21T16:43:15.703] [DEBUG] debug-file - entry : default@ProcessProfile cost memory 2.2011947631835938
[2026-04-21T16:43:15.704] [DEBUG] debug-file - runTaskFromQueue task cost before running: 3 s 538 ms 
[2026-04-21T16:43:15.704] [INFO] debug-file - Finished :entry:default@ProcessProfile... after 1 s 324 ms 
[2026-04-21T16:43:15.705] [DEBUG] debug-file - Executing task :entry:default@ProcessRouterMap
[2026-04-21T16:43:15.708] [DEBUG] debug-file - entry : default@ProcessRouterMap cost memory 0.0837249755859375
[2026-04-21T16:43:15.708] [DEBUG] debug-file - runTaskFromQueue task cost before running: 3 s 542 ms 
[2026-04-21T16:43:15.709] [INFO] debug-file - Finished :entry:default@ProcessRouterMap... after 3 ms 
[2026-04-21T16:43:15.710] [DEBUG] debug-file - Executing task :entry:default@ProcessShareConfig
[2026-04-21T16:43:15.712] [DEBUG] debug-file - entry : default@ProcessShareConfig cost memory 0.0654754638671875
[2026-04-21T16:43:15.712] [DEBUG] debug-file - runTaskFromQueue task cost before running: 3 s 546 ms 
[2026-04-21T16:43:15.712] [INFO] debug-file - Finished :entry:default@ProcessShareConfig... after 3 ms 
[2026-04-21T16:43:15.714] [DEBUG] debug-file - Executing task :entry:default@ProcessStartupConfig
[2026-04-21T16:43:15.714] [DEBUG] debug-file - Task 'entry:default@ProcessStartupConfig' cost while wrapping incremental declarations: 1 ms 
[2026-04-21T16:43:15.714] [DEBUG] debug-file - entry : default@ProcessStartupConfig cost memory 0.09178924560546875
[2026-04-21T16:43:15.714] [DEBUG] debug-file - runTaskFromQueue task cost before running: 3 s 549 ms 
[2026-04-21T16:43:15.715] [INFO] debug-file - Finished :entry:default@ProcessStartupConfig... after 1 ms 
[2026-04-21T16:43:15.716] [DEBUG] debug-file - Executing task :entry:default@BuildNativeWithNinja
[2026-04-21T16:43:15.717] [DEBUG] debug-file - entry : default@BuildNativeWithNinja cost memory 0.26174163818359375
[2026-04-21T16:43:15.717] [DEBUG] debug-file - runTaskFromQueue task cost before running: 3 s 551 ms 
[2026-04-21T16:43:15.718] [INFO] debug-file - Finished :entry:default@BuildNativeWithNinja... after 2 ms 
[2026-04-21T16:43:15.719] [DEBUG] debug-file - restool module names: entry; moduleName=entry, taskName=default@ProcessResource
[2026-04-21T16:43:15.721] [DEBUG] debug-file - Executing task :entry:default@ProcessResource
[2026-04-21T16:43:15.721] [DEBUG] debug-file - Task 'entry:default@ProcessResource' cost while wrapping incremental declarations: 1 ms 
[2026-04-21T16:43:15.722] [DEBUG] debug-file - entry : default@ProcessResource cost memory 0.3053741455078125
[2026-04-21T16:43:15.723] [DEBUG] debug-file - runTaskFromQueue task cost before running: 3 s 557 ms 
[2026-04-21T16:43:15.724] [INFO] debug-file - Finished :entry:default@ProcessResource... after 3 ms 
[2026-04-21T16:43:15.726] [DEBUG] debug-file - Executing task :entry:default@GenerateLoaderJson
[2026-04-21T16:43:15.726] [DEBUG] debug-file - Task 'entry:default@GenerateLoaderJson' cost while wrapping incremental declarations: 1 ms 
[2026-04-21T16:43:15.735] [DEBUG] debug-file - entry : default@GenerateLoaderJson cost memory 0.5070953369140625
[2026-04-21T16:43:15.735] [DEBUG] debug-file - runTaskFromQueue task cost before running: 3 s 569 ms 
[2026-04-21T16:43:15.737] [INFO] debug-file - Finished :entry:default@GenerateLoaderJson... after 10 ms 
[2026-04-21T16:43:15.738] [DEBUG] debug-file - Executing task :entry:default@ProcessLibs
[2026-04-21T16:43:15.743] [DEBUG] debug-file - Worker dispatch failed, running processLibs on main thread.
[2026-04-21T16:43:15.745] [DEBUG] debug-file - entry : default@ProcessLibs cost memory 0.27251434326171875
[2026-04-21T16:43:15.745] [DEBUG] debug-file - runTaskFromQueue task cost before running: 3 s 579 ms 
[2026-04-21T16:43:15.746] [INFO] debug-file - Finished :entry:default@ProcessLibs... after 7 ms 
[2026-04-21T16:43:15.747] [DEBUG] debug-file - restool module names: entry; moduleName=entry, taskName=default@CompileResource
[2026-04-21T16:43:15.747] [DEBUG] debug-file - Executing task :entry:default@CompileResource
[2026-04-21T16:43:15.753] [DEBUG] debug-file - Use tool [D:\DevEco Studio\sdk\default\openharmony\toolchains\restool.exe]
 [
  'D:\\DevEco Studio\\sdk\\default\\openharmony\\toolchains\\restool.exe',
  '-l',
  'D:\\CanvasComponent-master\\CanvasComponent-master\\entry\\build\\default\\intermediates\\res\\default\\resConfig.json'
]
[2026-04-21T16:43:15.754] [DEBUG] debug-file - current process  memoryUsage: {
  rss: 276602880,
  heapTotal: 166637568,
  heapUsed: 139196736,
  external: 14030773,
  arrayBuffers: 11129518
} os memoryUsage :20.37883758544922
[2026-04-21T16:43:16.479] [DEBUG] debug-file - Info: Pack: normal pack mode

[2026-04-21T16:43:16.547] [DEBUG] debug-file - Info: hardware concurrency count is : 16
Info: thread count is : 16

[2026-04-21T16:43:16.547] [DEBUG] debug-file - Info: thread pool is started

[2026-04-21T16:43:16.547] [DEBUG] debug-file - Info: GenericCompiler::CompileFiles

[2026-04-21T16:43:16.553] [DEBUG] debug-file - Info: GenericCompiler::CompileFiles

[2026-04-21T16:43:16.558] [DEBUG] debug-file - Info: GenericCompiler::CompileFiles

[2026-04-21T16:43:16.565] [DEBUG] debug-file - 04-21 16:43:16.565 38268 13964 E C01400/ImageTranscoderUtils: DecodeToRGBA IN

[2026-04-21T16:43:16.565] [DEBUG] debug-file - 04-21 16:43:16.565 38268 13964 E C01400/ImageTranscoderUtils: ImageFilter IN D:\CanvasComponent-master\CanvasComponent-master\AppScope\resources\base\media\app_icon.png

[2026-04-21T16:43:16.569] [DEBUG] debug-file - 04-21 16:43:16.569 38268 13964 E C01400/ImageTranscoder: TranscodeSLR Only zoom-out is supported.

[2026-04-21T16:43:16.569] [DEBUG] debug-file - Warning: ScaleImage failed, error message: INVALID_PARAMETERS, file path = D:\CanvasComponent-master\CanvasComponent-master\AppScope\resources\base\media\app_icon.png

[2026-04-21T16:43:16.571] [DEBUG] debug-file - 04-21 16:43:16.571 38268 13964 E C01400/ImageTranscoderUtils: DecodeToRGBA IN
04-21 16:43:16.572 38268 13964 E C01400/ImageTranscoderUtils: ImageFilter IN D:\CanvasComponent-master\CanvasComponent-master\entry\src\main\resources\base\media\icon.png

[2026-04-21T16:43:16.572] [DEBUG] debug-file - 04-21 16:43:16.572 38268 13964 E C01400/ImageTranscoder: TranscodeSLR Only zoom-out is supported.
Warning: ScaleImage failed, error message: INVALID_PARAMETERS, file path = D:\CanvasComponent-master\CanvasComponent-master\entry\src\main\resources\base\media\icon.png

[2026-04-21T16:43:16.573] [DEBUG] debug-file - Warning: The width or height of the png file referenced by the icon exceeds the limit (41 pixels)
at D:\CanvasComponent-master\CanvasComponent-master\AppScope\resources\base\media\app_icon.png

[2026-04-21T16:43:16.573] [DEBUG] debug-file - Warning: The width or height of the png file referenced by the icon exceeds the limit (41 pixels)
at D:\CanvasComponent-master\CanvasComponent-master\entry\src\main\resources\base\media\icon.png

[2026-04-21T16:43:16.574] [DEBUG] debug-file - Info: restool resources compile success.

[2026-04-21T16:43:16.574] [DEBUG] debug-file - Info: thread pool is stopped

[2026-04-21T16:43:16.633] [DEBUG] debug-file - entry : default@CompileResource cost memory 0.8182754516601562
[2026-04-21T16:43:16.633] [DEBUG] debug-file - runTaskFromQueue task cost before running: 4 s 468 ms 
[2026-04-21T16:43:16.634] [INFO] debug-file - Finished :entry:default@CompileResource... after 887 ms 
[2026-04-21T16:43:16.636] [DEBUG] debug-file - Executing task :entry:default@DoNativeStrip
[2026-04-21T16:43:16.636] [DEBUG] debug-file - Task 'entry:default@DoNativeStrip' cost while wrapping incremental declarations: 1 ms 
[2026-04-21T16:43:16.640] [DEBUG] debug-file - entry : default@DoNativeStrip cost memory 0.058258056640625
[2026-04-21T16:43:16.640] [DEBUG] debug-file - runTaskFromQueue task cost before running: 4 s 474 ms 
[2026-04-21T16:43:16.640] [INFO] debug-file - Finished :entry:default@DoNativeStrip... after 4 ms 
[2026-04-21T16:43:16.643] [DEBUG] debug-file - Executing task :entry:default@CompileArkTS
[2026-04-21T16:43:16.644] [DEBUG] debug-file - obfuscationOptions: undefined
[2026-04-21T16:43:16.646] [DEBUG] debug-file - Task 'entry:default@CompileArkTS' cost while wrapping incremental declarations: 1 ms 
[2026-04-21T16:43:16.666] [DEBUG] debug-file - build config:
[2026-04-21T16:43:16.666] [DEBUG] debug-file - {
  moduleType: 'entry',
  perf: 0,
  targetName: '.default',
  packageManagerType: 'ohpm',
  localPropertiesPath: 'D:\\CanvasComponent-master\\CanvasComponent-master\\local.properties',
  isPreview: false,
  isOhosTest: false,
  isLocalTest: false,
  buildMode: 'Debug',
  hotReloadBuild: undefined,
  watchMode: 'false',
  aceProfilePath: 'D:\\CanvasComponent-master\\CanvasComponent-master\\entry\\build\\default\\intermediates\\res\\default\\resources\\base\\profile',
  etsLoaderPath: 'D:\\DevEco Studio\\sdk\\default\\openharmony\\ets\\build-tools\\ets-loader',
  modulePath: 'D:\\CanvasComponent-master\\CanvasComponent-master\\entry',
  testFrameworkPar: {
    testMode: undefined,
    coveragePathFilter: undefined,
    coverageMode: undefined
  },
  needCoverageInsert: false,
  debugLine: false,
  projectTopDir: 'D:\\CanvasComponent-master\\CanvasComponent-master',
  compileSdkVersion: 22,
  compatibleSdkVersion: 17,
  originCompatibleSdkVersion: '5.0.5(17)',
  compatibleSdkVersionStage: undefined,
  bundleName: 'c***t',
  etsLoaderVersion: '6.0.2.130',
  etsLoaderReleaseType: 'Release',
  aotCompileMode: 'type',
  apPath: 'D:\\CanvasComponent-master\\CanvasComponent-master\\entry\\modules.ap',
  entryModuleName: 'entry',
  entryModuleVersion: '1.0.0',
  entryPackageName: 'entry',
  allModuleNameHash: 'a332f92f05149f99e6db0ebeac3dc13b6f0c6bb5c7d56cacb8f5747e20438f7d',
  externalApiPaths: [ 'D:\\DevEco Studio\\sdk\\default\\hms\\ets' ],
  compilerTypes: [],
  isCrossplatform: false,
  hvigorPluginFile: undefined,
  compilePluginPath: undefined,
  buildGeneratedProfilePath: 'D:\\CanvasComponent-master\\CanvasComponent-master\\entry\\build\\default\\generated\\profile\\default',
  bundleType: 'app',
  arkTSVersion: undefined,
  apiVersion: 22,
  needCompleteSourcesMap: false,
  isFaMode: false,
  buildDir: 'D:\\CanvasComponent-master\\CanvasComponent-master\\entry\\build',
  deviceTypes: [ 'phone' ],
  pkgContextInfo: undefined,
  ohPackagePathMap: {},
  dependencyAliasMap: {},
  permission: { requestPermissions: undefined, definePermissions: undefined },
  useGetCurrentBundleName: false,
  projectArkOption: undefined,
  sourceMapDir: undefined,
  branchElimination: false,
  transformLib: undefined,
  tsImportSendable: false,
  resolveConflictMode: true,
  depName2RootPath: {},
  depName2DepInfo: {},
  rootPathSet: [ 'D:\\CanvasComponent-master\\CanvasComponent-master' ],
  useNativeResolver: true,
  shouldEmitJs: true,
  useTscResolve: false,
  singleFileEmit: false,
  userProjectConfig: {
    autoLazyImport: false,
    allowEmptyBundleName: false,
    reExportCheckMode: 'noCheck',
    executionMode: 'memory',
    usePathPlaceholder: false,
    writeRollupCache: true,
    isExpandImportEnabled: false,
    expandImportExclude: '',
    lazyImportExclude: '',
    lazyImportInclude: '',
    ignoreCrossplatformCheck: false,
    isHarDeduplicateEnabled: false,
    skipOhModulesLint: false,
    enableStrictCheckOHModule: false,
    disableSendableCheckRules: [],
    useDeclarationFileSignature: false,
    customizedOptions: undefined,
    integratedHsp: false,
    isPreloadSoEnabled: false
  },
  executionMode: 'memory',
  arkCompileCachePath: 'D:\\CanvasComponent-master\\CanvasComponent-master\\entry\\build\\default\\cache\\default\\default@CompileArkTS\\esmodule',
  autoLazyFilter: undefined,
  isHarDeduplicateEnabled: false,
  intermediateHarDuplicateDirPath: 'D:\\CanvasComponent-master\\CanvasComponent-master\\entry\\build\\default\\intermediates\\har_duplicate\\default',
  autoLazyImport: false,
  allowEmptyBundleName: false,
  reExportCheckMode: 'noCheck',
  usePathPlaceholder: false,
  writeRollupCache: true,
  isExpandImportEnabled: false,
  expandImportExclude: '',
  lazyImportExclude: '',
  lazyImportInclude: '',
  ignoreCrossplatformCheck: false,
  skipOhModulesLint: false,
  enableStrictCheckOHModule: false,
  disableSendableCheckRules: [],
  useDeclarationFileSignature: false,
  customizedOptions: undefined,
  integratedHsp: false,
  isPreloadSoEnabled: false,
  strictMode: undefined,
  useNormalizedOHMUrl: false,
  caseSensitiveCheck: false,
  aceModuleJsonPath: 'D:\\CanvasComponent-master\\CanvasComponent-master\\entry\\build\\default\\intermediates\\res\\default\\ark_module.json',
  appResource: 'D:\\CanvasComponent-master\\CanvasComponent-master\\entry\\build\\default\\intermediates\\res\\default\\ResourceTable.txt',
  rawFileResource: 'D:\\CanvasComponent-master\\CanvasComponent-master\\entry\\build\\default\\intermediates\\res\\default\\resources\\rawfile',
  resourceTableHash: '7c7074dae912900f7b83cefbd3360983175b3eb7eb722877d879afdbb8edcd2b',
  runtimeOS: 'HarmonyOS',
  sdkInfo: 'false:22:6.0.2.130:Release',
  aceModuleRoot: 'D:\\CanvasComponent-master\\CanvasComponent-master\\entry\\src\\main\\ets',
  compileMode: 'esmodule',
  aceSuperVisualPath: 'D:\\CanvasComponent-master\\CanvasComponent-master\\entry\\src\\main\\supervisual',
  aceBuildJson: 'D:\\CanvasComponent-master\\CanvasComponent-master\\entry\\build\\default\\intermediates\\loader\\default\\loader.json',
  cachePath: 'D:\\CanvasComponent-master\\CanvasComponent-master\\entry\\build\\default\\cache\\default\\default@CompileArkTS\\esmodule\\debug',
  aceModuleBuild: 'D:\\CanvasComponent-master\\CanvasComponent-master\\entry\\build\\default\\intermediates\\loader_out\\default\\ets',
  supportChunks: true,
  declaredFilesPath: undefined,
  shouldCollectDirectImportees: false,
  isByteCodeHarOptimize: false,
  expandImportPath: undefined,
  pkgNameToPkgBriefInfo: {
    entry: {
      pkgRoot: 'D:\\CanvasComponent-master\\CanvasComponent-master\\entry',
      originalSourceRoots: undefined,
      sourceRoots: [Array],
      pkgName: 'entry'
    }
  },
  projectModel: {
    'D:\\CanvasComponent-master\\CanvasComponent-master\\entry\\src\\main': {
      moduleName: 'entry',
      modulePkgPath: 'D:\\CanvasComponent-master\\CanvasComponent-master\\entry',
      belongProjectPath: 'D:\\CanvasComponent-master\\CanvasComponent-master'
    },
    'D:\\CanvasComponent-master\\CanvasComponent-master\\entry': {
      moduleName: 'entry',
      modulePkgPath: 'D:\\CanvasComponent-master\\CanvasComponent-master\\entry',
      belongProjectPath: 'D:\\CanvasComponent-master\\CanvasComponent-master'
    },
    'D:\\CanvasComponent-master\\CanvasComponent-master': {
      moduleName: 'CanvasComponent-master',
      modulePkgPath: 'D:\\CanvasComponent-master\\CanvasComponent-master',
      belongProjectPath: 'D:\\CanvasComponent-master\\CanvasComponent-master'
    }
  },
  pkgJsonFileHash: '2afff4febdc36911eef91f56078f85eadae932cafc4985f481ba3dd356730d69',
  allModulePaths: [ 'D:\\CanvasComponent-master\\CanvasComponent-master\\entry' ],
  routerMap: {},
  obfuscationOptions: undefined,
  byteCodeHarToDependencyKeys: undefined,
  compileBlockPkg: [],
  mockParams: {
    decorator: '@MockSetup',
    packageName: '@ohos/hamock',
    etsSourceRootPath: 'src/main/ets',
    mockConfigPath: undefined,
    mockConfigKey2ModuleInfo: {},
    source2ModuleIdMap: {}
  },
  copyCodeResourceEnable: true,
  copyCodeResourceExcludes: [],
  copyCodeResourceIncludes: undefined,
  uiTransformOptimization: false,
  sdkPath: 'D:/DevEco Studio/sdk',
  needPreloadSoFileSet: {},
  preloadSoFilePath: 'D:\\CanvasComponent-master\\CanvasComponent-master\\entry\\build\\default\\intermediates\\preload\\default\\preload.json',
  useSourceHash: false,
  localModuleParamMap: {},
  otherPaths: {
    'entry/*': [
      '..\\*',
      '..\\..\\..\\build\\default\\generated\\profile\\default\\*'
    ]
  },
  collectImportersConfig: undefined
}
[2026-04-21T16:43:16.667] [DEBUG] debug-file - Compile arkts with external api path: D:\DevEco Studio\sdk\default\hms\ets
[2026-04-21T16:43:16.671] [DEBUG] debug-file - default@CompileArkTS work[0] is submitted.
[2026-04-21T16:43:16.673] [DEBUG] debug-file - default@CompileArkTS work[0] is pushed to ready queue.
[2026-04-21T16:43:16.673] [DEBUG] debug-file - A work dispatched to worker[15] failed because unable to get work from ready queue.
[2026-04-21T16:43:16.673] [DEBUG] debug-file - A work dispatched to worker[14] failed because unable to get work from ready queue.
[2026-04-21T16:43:16.673] [DEBUG] debug-file - A work dispatched to worker[13] failed because unable to get work from ready queue.
[2026-04-21T16:43:16.674] [DEBUG] debug-file - A work dispatched to worker[12] failed because unable to get work from ready queue.
[2026-04-21T16:43:16.674] [DEBUG] debug-file - A work dispatched to worker[11] failed because unable to get work from ready queue.
[2026-04-21T16:43:16.674] [DEBUG] debug-file - A work dispatched to worker[10] failed because unable to get work from ready queue.
[2026-04-21T16:43:16.674] [DEBUG] debug-file - A work dispatched to worker[9] failed because unable to get work from ready queue.
[2026-04-21T16:43:16.674] [DEBUG] debug-file - A work dispatched to worker[8] failed because unable to get work from ready queue.
[2026-04-21T16:43:16.674] [DEBUG] debug-file - A work dispatched to worker[7] failed because unable to get work from ready queue.
[2026-04-21T16:43:16.674] [DEBUG] debug-file - A work dispatched to worker[6] failed because unable to get work from ready queue.
[2026-04-21T16:43:16.674] [DEBUG] debug-file - A work dispatched to worker[5] failed because unable to get work from ready queue.
[2026-04-21T16:43:16.674] [DEBUG] debug-file - Create  resident worker with id: 4.
[2026-04-21T16:43:16.676] [DEBUG] debug-file - default@CompileArkTS work[0] has been dispatched to worker[4].
[2026-04-21T16:43:16.677] [DEBUG] debug-file - default@CompileArkTS work[0] is dispatched.
[2026-04-21T16:43:16.678] [DEBUG] debug-file - CopyResources startTime: 2432530902800
[2026-04-21T16:43:16.678] [DEBUG] debug-file - default@CompileArkTS work[1] is submitted.
[2026-04-21T16:43:16.678] [DEBUG] debug-file - default@CompileArkTS work[1] is pushed to ready queue.
[2026-04-21T16:43:16.678] [DEBUG] debug-file - A work dispatched to worker[15] failed because unable to get work from ready queue.
[2026-04-21T16:43:16.678] [DEBUG] debug-file - Create  resident worker with id: 14.
[2026-04-21T16:43:16.679] [DEBUG] debug-file - default@CompileArkTS work[1] has been dispatched to worker[14].
[2026-04-21T16:43:16.679] [DEBUG] debug-file - default@CompileArkTS work[1] is dispatched.
[2026-04-21T16:43:16.680] [DEBUG] debug-file - entry : default@CompileArkTS cost memory 1.8505096435546875
[2026-04-21T16:43:16.681] [DEBUG] debug-file - Executing task :entry:default@BuildJS
[2026-04-21T16:43:16.682] [DEBUG] debug-file - Task 'entry:default@BuildJS' cost while wrapping incremental declarations: 1 ms 
[2026-04-21T16:43:16.685] [DEBUG] debug-file - entry : default@BuildJS cost memory 0.15053558349609375
[2026-04-21T16:43:16.685] [DEBUG] debug-file - runTaskFromQueue task cost before running: 4 s 519 ms 
[2026-04-21T16:43:16.685] [INFO] debug-file - Finished :entry:default@BuildJS... after 4 ms 
[2026-04-21T16:43:16.687] [DEBUG] debug-file - Executing task :entry:default@CacheNativeLibs
[2026-04-21T16:43:16.687] [DEBUG] debug-file - Task 'entry:default@CacheNativeLibs' cost while wrapping incremental declarations: 1 ms 
[2026-04-21T16:43:16.688] [DEBUG] debug-file - default@CacheNativeLibs work[2] is submitted.
[2026-04-21T16:43:16.688] [DEBUG] debug-file - default@CacheNativeLibs work[2] is pushed to ready queue.
[2026-04-21T16:43:16.688] [DEBUG] debug-file - A work dispatched to worker[15] failed because unable to get work from ready queue.
[2026-04-21T16:43:16.688] [DEBUG] debug-file - A work dispatched to worker[14] failed because of worker busy.
[2026-04-21T16:43:16.688] [DEBUG] debug-file - Create  resident worker with id: 13.
[2026-04-21T16:43:16.689] [DEBUG] debug-file - default@CacheNativeLibs work[2] has been dispatched to worker[13].
[2026-04-21T16:43:16.689] [DEBUG] debug-file - default@CacheNativeLibs work[2] is dispatched.
[2026-04-21T16:43:16.689] [DEBUG] debug-file - entry : default@CacheNativeLibs cost memory 0.1505584716796875
[2026-04-21T16:43:17.869] [DEBUG] debug-file - worker[14] has one work done.
[2026-04-21T16:43:17.869] [DEBUG] debug-file - CopyResources is end, endTime: 2433722122500
[2026-04-21T16:43:17.869] [DEBUG] debug-file - default@CompileArkTS work[1] done.
[2026-04-21T16:43:17.869] [DEBUG] debug-file - A work dispatched to worker[14] failed because unable to get work from ready queue.
[2026-04-21T16:43:17.939] [DEBUG] debug-file - worker[13] has one work done.
[2026-04-21T16:43:17.939] [DEBUG] debug-file - default@CacheNativeLibs work[2] done.
[2026-04-21T16:43:17.939] [DEBUG] debug-file - A work dispatched to worker[13] failed because unable to get work from ready queue.
[2026-04-21T16:43:17.940] [INFO] debug-file - Finished :entry:default@CacheNativeLibs... after 9 ms 
[2026-04-21T16:43:25.394] [DEBUG] debug-file - worker[4] has one work done.
[2026-04-21T16:43:25.394] [DEBUG] debug-file - Ark compile task finished.finished time is 2441246329200
[2026-04-21T16:43:25.396] [DEBUG] debug-file - default@CompileArkTS work[0] done.
[2026-04-21T16:43:25.398] [INFO] debug-file - Finished :entry:default@CompileArkTS... after 5 s 951 ms 
[2026-04-21T16:43:25.399] [DEBUG] debug-file - Executing task :entry:default@GeneratePkgModuleJson
[2026-04-21T16:43:25.400] [DEBUG] debug-file - File: 'D:\CanvasComponent-master\CanvasComponent-master\entry\build\default\intermediates\preload\default\preload.json' from 'preloadSoJsonPath' is not exists, just ignore.
[2026-04-21T16:43:25.400] [DEBUG] debug-file - Error occurs while handling @Input 'shouldDeduplicateHar': The "data" argument must be of type string or an instance of Buffer, TypedArray, or DataView. Received undefined
[2026-04-21T16:43:25.401] [DEBUG] debug-file - Task 'entry:default@GeneratePkgModuleJson' cost while wrapping incremental declarations: 1 ms 
[2026-04-21T16:43:25.403] [DEBUG] debug-file - entry : default@GeneratePkgModuleJson cost memory 0.153350830078125
[2026-04-21T16:43:25.403] [DEBUG] debug-file - runTaskFromQueue task cost before running: 13 s 237 ms 
[2026-04-21T16:43:25.403] [INFO] debug-file - Finished :entry:default@GeneratePkgModuleJson... after 4 ms 
[2026-04-21T16:43:25.404] [DEBUG] debug-file - Executing task :entry:default@ProcessCompiledResources
[2026-04-21T16:43:25.404] [DEBUG] debug-file - File: 'D:\CanvasComponent-master\CanvasComponent-master\entry\build\default\intermediates\preload\default\preload.json' from 'preloadSoJsonPath' is not exists, just ignore.
[2026-04-21T16:43:25.405] [DEBUG] debug-file - Task 'entry:default@ProcessCompiledResources' cost while wrapping incremental declarations: 1 ms 
[2026-04-21T16:43:25.405] [DEBUG] debug-file - entry : default@ProcessCompiledResources cost memory 0.05835723876953125
[2026-04-21T16:43:25.405] [DEBUG] debug-file - runTaskFromQueue task cost before running: 13 s 239 ms 
[2026-04-21T16:43:25.405] [INFO] debug-file - Finished :entry:default@ProcessCompiledResources... after 1 ms 
[2026-04-21T16:43:25.409] [DEBUG] debug-file - Executing task :entry:default@PackageHap
[2026-04-21T16:43:25.414] [DEBUG] debug-file - Use tool [D:\DevEco Studio\sdk\default\openharmony\toolchains\lib\app_packing_tool.jar]
 [
  'java',
  '-Dfile.encoding=GBK',
  '-jar',
  'D:\\DevEco Studio\\sdk\\default\\openharmony\\toolchains\\lib\\app_packing_tool.jar',
  '--mode',
  'hap',
  '--force',
  'true',
  '--lib-path',
  'D:\\CanvasComponent-master\\CanvasComponent-master\\entry\\build\\default\\intermediates\\stripped_native_libs\\default',
  '--json-path',
  'D:\\CanvasComponent-master\\CanvasComponent-master\\entry\\build\\default\\intermediates\\package\\default\\module.json',
  '--resources-path',
  'D:\\CanvasComponent-master\\CanvasComponent-master\\entry\\build\\default\\intermediates\\res\\default\\resources',
  '--index-path',
  'D:\\CanvasComponent-master\\CanvasComponent-master\\entry\\build\\default\\intermediates\\res\\default\\resources.index',
  '--pack-info-path',
  'D:\\CanvasComponent-master\\CanvasComponent-master\\entry\\build\\default\\outputs\\default\\pack.info',
  '--out-path',
  'D:\\CanvasComponent-master\\CanvasComponent-master\\entry\\build\\default\\outputs\\default\\entry-default-unsigned.hap',
  '--ets-path',
  'D:\\CanvasComponent-master\\CanvasComponent-master\\entry\\build\\default\\intermediates\\loader_out\\default\\ets'
]
[2026-04-21T16:43:25.713] [DEBUG] debug-file - A work dispatched to worker[4] failed because unable to get work from ready queue.
[2026-04-21T16:43:25.781] [DEBUG] debug-file - java daemon socket received message:{"code":0,"message":"pack success"}
[2026-04-21T16:43:25.785] [DEBUG] debug-file - entry : default@PackageHap cost memory 0.631744384765625
[2026-04-21T16:43:25.786] [DEBUG] debug-file - runTaskFromQueue task cost before running: 13 s 620 ms 
[2026-04-21T16:43:25.787] [INFO] debug-file - Finished :entry:default@PackageHap... after 377 ms 
[2026-04-21T16:43:25.788] [DEBUG] debug-file - Executing task :entry:default@PackingCheck
[2026-04-21T16:43:25.796] [DEBUG] debug-file - entry : default@PackingCheck cost memory 0.6210098266601562
[2026-04-21T16:43:25.796] [DEBUG] debug-file - runTaskFromQueue task cost before running: 13 s 631 ms 
[2026-04-21T16:43:25.797] [INFO] debug-file - Finished :entry:default@PackingCheck... after 9 ms 
[2026-04-21T16:43:25.798] [DEBUG] debug-file - Executing task :entry:default@SignHap
[2026-04-21T16:43:25.799] [WARN] debug-file - Will skip sign 'hos_hap'. No signingConfigs profile is configured in current project.
             If needed, configure the signingConfigs in D:\CanvasComponent-master\CanvasComponent-master\build-profile.json5.
[2026-04-21T16:43:25.800] [DEBUG] debug-file - entry : default@SignHap cost memory 0.0555877685546875
[2026-04-21T16:43:25.800] [DEBUG] debug-file - runTaskFromQueue task cost before running: 13 s 634 ms 
[2026-04-21T16:43:25.800] [INFO] debug-file - Finished :entry:default@SignHap... after 2 ms 
[2026-04-21T16:43:25.802] [DEBUG] debug-file - Executing task :entry:default@CollectDebugSymbol
[2026-04-21T16:43:25.804] [DEBUG] debug-file - entry : default@CollectDebugSymbol cost memory 0.08785247802734375
[2026-04-21T16:43:25.804] [DEBUG] debug-file - runTaskFromQueue task cost before running: 13 s 638 ms 
[2026-04-21T16:43:25.804] [INFO] debug-file - Finished :entry:default@CollectDebugSymbol... after 2 ms 
[2026-04-21T16:43:25.804] [DEBUG] debug-file - Executing task :entry:assembleHap
[2026-04-21T16:43:25.804] [DEBUG] debug-file - entry : assembleHap cost memory 0.0128326416015625
[2026-04-21T16:43:25.804] [DEBUG] debug-file - runTaskFromQueue task cost before running: 13 s 638 ms 
[2026-04-21T16:43:25.805] [INFO] debug-file - Finished :entry:assembleHap... after 1 ms 
[2026-04-21T16:43:25.819] [INFO] debug-file - BUILD SUCCESSFUL in 13 s 653 ms 
[2026-04-21T16:43:25.820] [DEBUG] debug-file - Update task entry:default@PreBuild input file:D:\CanvasComponent-master\CanvasComponent-master\AppScope\app.json5 cache by regenerate.
[2026-04-21T16:43:25.821] [DEBUG] debug-file - Update task entry:default@PreBuild input file:D:\CanvasComponent-master\CanvasComponent-master\entry\src\main\module.json5 cache by regenerate.
[2026-04-21T16:43:25.821] [DEBUG] debug-file - Update task entry:default@PreBuild input file:D:\CanvasComponent-master\CanvasComponent-master\build-profile.json5 cache by regenerate.
[2026-04-21T16:43:25.821] [DEBUG] debug-file - Update task entry:default@PreBuild input file:D:\CanvasComponent-master\CanvasComponent-master\entry\build-profile.json5 cache by regenerate.
[2026-04-21T16:43:25.822] [DEBUG] debug-file - Update task entry:default@PreBuild input file:D:\CanvasComponent-master\CanvasComponent-master\entry\src\main\resources\base\profile\main_pages.json cache by regenerate.
[2026-04-21T16:43:25.822] [DEBUG] debug-file - Update task entry:default@PreBuild input file:D:\CanvasComponent-master\CanvasComponent-master\hvigor\hvigor-config.json5 cache by regenerate.
[2026-04-21T16:43:25.822] [DEBUG] debug-file - Update task entry:default@PreBuild input file:D:\CanvasComponent-master\CanvasComponent-master\entry\oh-package.json5 cache by regenerate.
[2026-04-21T16:43:25.823] [DEBUG] debug-file - Update task entry:default@PreBuild input file:D:\CanvasComponent-master\CanvasComponent-master\oh-package.json5 cache by regenerate.
[2026-04-21T16:43:25.823] [DEBUG] debug-file - Incremental task entry:default@PreBuild post-execution cost:4 ms .
[2026-04-21T16:43:25.824] [DEBUG] debug-file - Update task entry:default@CreateModuleInfo output file:D:\CanvasComponent-master\CanvasComponent-master\entry\build\default\generated\profile\default\ModuleInfo.ts cache.
[2026-04-21T16:43:25.824] [DEBUG] debug-file - Incremental task entry:default@CreateModuleInfo post-execution cost:1 ms .
[2026-04-21T16:43:25.824] [DEBUG] debug-file - Update task entry:default@GenerateMetadata input file:D:\CanvasComponent-master\CanvasComponent-master\entry\src\main\module.json5 cache by regenerate.
[2026-04-21T16:43:25.824] [DEBUG] debug-file - Update task entry:default@GenerateMetadata output file:D:\CanvasComponent-master\CanvasComponent-master\entry\build\default\intermediates\hap_metadata\default\output_metadata.json cache.
[2026-04-21T16:43:25.825] [DEBUG] debug-file - Incremental task entry:default@GenerateMetadata post-execution cost:1 ms .
[2026-04-21T16:43:25.825] [DEBUG] debug-file - Update task entry:default@MergeProfile input file:D:\CanvasComponent-master\CanvasComponent-master\AppScope\app.json5 cache by regenerate.
[2026-04-21T16:43:25.825] [DEBUG] debug-file - Update task entry:default@MergeProfile input file:D:\CanvasComponent-master\CanvasComponent-master\build-profile.json5 cache by regenerate.
[2026-04-21T16:43:25.826] [DEBUG] debug-file - Update task entry:default@MergeProfile input file:D:\CanvasComponent-master\CanvasComponent-master\entry\src\main\module.json5 cache by regenerate.
[2026-04-21T16:43:25.826] [DEBUG] debug-file - Update task entry:default@MergeProfile output file:D:\CanvasComponent-master\CanvasComponent-master\entry\build\default\intermediates\merge_profile\default\module.json cache.
[2026-04-21T16:43:25.827] [DEBUG] debug-file - Incremental task entry:default@MergeProfile post-execution cost:3 ms .
[2026-04-21T16:43:25.827] [DEBUG] debug-file - Update task entry:default@CreateBuildProfile input file:D:\CanvasComponent-master\CanvasComponent-master\AppScope\app.json5 cache by regenerate.
[2026-04-21T16:43:25.827] [DEBUG] debug-file - Update task entry:default@CreateBuildProfile input file:D:\CanvasComponent-master\CanvasComponent-master\build-profile.json5 cache by regenerate.
[2026-04-21T16:43:25.828] [DEBUG] debug-file - Update task entry:default@CreateBuildProfile output file:D:\CanvasComponent-master\CanvasComponent-master\entry\build\default\generated\profile\default\BuildProfile.ets cache.
[2026-04-21T16:43:25.828] [DEBUG] debug-file - Incremental task entry:default@CreateBuildProfile post-execution cost:1 ms .
[2026-04-21T16:43:25.828] [DEBUG] debug-file - Update task entry:default@GeneratePkgContextInfo output file:D:\CanvasComponent-master\CanvasComponent-master\entry\build\default\intermediates\loader\default\pkgContextInfo.json cache.
[2026-04-21T16:43:25.828] [DEBUG] debug-file - Incremental task entry:default@GeneratePkgContextInfo post-execution cost:1 ms .
[2026-04-21T16:43:25.828] [DEBUG] debug-file - Update task entry:default@ProcessIntegratedHsp output file:D:\CanvasComponent-master\CanvasComponent-master\build\cache\default\integrated_hsp\integratedHspCache.json cache.
[2026-04-21T16:43:25.829] [DEBUG] debug-file - Incremental task entry:default@ProcessIntegratedHsp post-execution cost:1 ms .
[2026-04-21T16:43:25.829] [DEBUG] debug-file - Update task entry:default@MakePackInfo input file:D:\CanvasComponent-master\CanvasComponent-master\AppScope\app.json5 cache by regenerate.
[2026-04-21T16:43:25.829] [DEBUG] debug-file - Update task entry:default@MakePackInfo input file:D:\CanvasComponent-master\CanvasComponent-master\entry\src\main\module.json5 cache by regenerate.
[2026-04-21T16:43:25.829] [DEBUG] debug-file - Update task entry:default@MakePackInfo input file:D:\CanvasComponent-master\CanvasComponent-master\build-profile.json5 cache by regenerate.
[2026-04-21T16:43:25.830] [DEBUG] debug-file - Update task entry:default@MakePackInfo output file:D:\CanvasComponent-master\CanvasComponent-master\entry\build\default\outputs\default\pack.info cache.
[2026-04-21T16:43:25.830] [DEBUG] debug-file - Incremental task entry:default@MakePackInfo post-execution cost:2 ms .
[2026-04-21T16:43:25.830] [DEBUG] debug-file - Update task entry:default@SyscapTransform input file:D:\DevEco Studio\sdk\default\openharmony\toolchains\syscap_tool.exe cache by regenerate.
[2026-04-21T16:43:25.830] [DEBUG] debug-file - Update task entry:default@SyscapTransform input file:D:\DevEco Studio\sdk\default\openharmony\ets\api\device-define cache by regenerate.
[2026-04-21T16:43:25.833] [DEBUG] debug-file - Update task entry:default@SyscapTransform output file:D:\CanvasComponent-master\CanvasComponent-master\entry\build\default\intermediates\syscap\default\rpcid.sc cache.
[2026-04-21T16:43:25.833] [DEBUG] debug-file - Incremental task entry:default@SyscapTransform post-execution cost:3 ms .
[2026-04-21T16:43:25.833] [DEBUG] debug-file - Update task entry:default@ProcessProfile input file:D:\CanvasComponent-master\CanvasComponent-master\entry\build\default\intermediates\merge_profile\default\module.json cache by regenerate.
[2026-04-21T16:43:25.833] [DEBUG] debug-file - Update task entry:default@ProcessProfile output file:D:\CanvasComponent-master\CanvasComponent-master\entry\build\default\intermediates\process_profile\default\module.json cache.
[2026-04-21T16:43:25.834] [DEBUG] debug-file - Incremental task entry:default@ProcessProfile post-execution cost:1 ms .
[2026-04-21T16:43:25.834] [DEBUG] debug-file - Update task entry:default@ProcessRouterMap input file:D:\CanvasComponent-master\CanvasComponent-master\entry\oh-package.json5 cache by regenerate.
[2026-04-21T16:43:25.834] [DEBUG] debug-file - Update task entry:default@ProcessRouterMap input file:D:\CanvasComponent-master\CanvasComponent-master\oh-package.json5 cache by regenerate.
[2026-04-21T16:43:25.834] [DEBUG] debug-file - Update task entry:default@ProcessRouterMap input file:D:\CanvasComponent-master\CanvasComponent-master\entry\src\main\module.json5 cache by regenerate.
[2026-04-21T16:43:25.835] [DEBUG] debug-file - Update task entry:default@ProcessRouterMap output file:D:\CanvasComponent-master\CanvasComponent-master\entry\build\default\intermediates\router_map\default\temp-router-map.json cache.
[2026-04-21T16:43:25.835] [DEBUG] debug-file - Update task entry:default@ProcessRouterMap output file:D:\CanvasComponent-master\CanvasComponent-master\entry\build\default\intermediates\router_map\default\loader-router-map.json cache.
[2026-04-21T16:43:25.835] [DEBUG] debug-file - Incremental task entry:default@ProcessRouterMap post-execution cost:2 ms .
[2026-04-21T16:43:25.835] [DEBUG] debug-file - Update task entry:default@ProcessShareConfig input file:D:\CanvasComponent-master\CanvasComponent-master\entry\oh-package.json5 cache by regenerate.
[2026-04-21T16:43:25.836] [DEBUG] debug-file - Update task entry:default@ProcessShareConfig input file:D:\CanvasComponent-master\CanvasComponent-master\oh-package.json5 cache by regenerate.
[2026-04-21T16:43:25.836] [DEBUG] debug-file - Update task entry:default@ProcessShareConfig input file:D:\CanvasComponent-master\CanvasComponent-master\entry\src\main\module.json5 cache by regenerate.
[2026-04-21T16:43:25.836] [DEBUG] debug-file - Update task entry:default@ProcessShareConfig output file:D:\CanvasComponent-master\CanvasComponent-master\entry\build\default\intermediates\share_config\default\temp-share-config.json cache.
[2026-04-21T16:43:25.837] [DEBUG] debug-file - Incremental task entry:default@ProcessShareConfig post-execution cost:2 ms .
[2026-04-21T16:43:25.837] [DEBUG] debug-file - Update task entry:default@ProcessStartupConfig output file:D:\CanvasComponent-master\CanvasComponent-master\entry\build\default\intermediates\startup\default\startup_config.json cache.
[2026-04-21T16:43:25.837] [DEBUG] debug-file - Incremental task entry:default@ProcessStartupConfig post-execution cost:1 ms .
[2026-04-21T16:43:25.837] [DEBUG] debug-file - Update task entry:default@ProcessResource output file:D:\CanvasComponent-master\CanvasComponent-master\entry\build\default\intermediates\res\default\resConfig.json cache.
[2026-04-21T16:43:25.837] [DEBUG] debug-file - Update task entry:default@ProcessResource output file:D:\CanvasComponent-master\CanvasComponent-master\entry\build\default\intermediates\res\default\opt-compression.json cache.
[2026-04-21T16:43:25.838] [DEBUG] debug-file - Incremental task entry:default@ProcessResource post-execution cost:1 ms .
[2026-04-21T16:43:25.838] [DEBUG] debug-file - Update task entry:default@GenerateLoaderJson input file:D:\CanvasComponent-master\CanvasComponent-master\entry\build\default\intermediates\router_map\default\temp-router-map.json cache by regenerate.
[2026-04-21T16:43:25.839] [DEBUG] debug-file - Update task entry:default@GenerateLoaderJson output file:D:\CanvasComponent-master\CanvasComponent-master\entry\build\default\intermediates\loader\default\loader.json cache.
[2026-04-21T16:43:25.839] [DEBUG] debug-file - Incremental task entry:default@GenerateLoaderJson post-execution cost:2 ms .
[2026-04-21T16:43:25.839] [DEBUG] debug-file - Update task entry:default@ProcessLibs input file:D:\CanvasComponent-master\CanvasComponent-master\build-profile.json5 cache by regenerate.
[2026-04-21T16:43:25.840] [DEBUG] debug-file - Update task entry:default@ProcessLibs input file:D:\CanvasComponent-master\CanvasComponent-master\entry\build-profile.json5 cache by regenerate.
[2026-04-21T16:43:25.840] [DEBUG] debug-file - Update task entry:default@ProcessLibs output file:D:\CanvasComponent-master\CanvasComponent-master\entry\build\default\intermediates\libs\default cache.
[2026-04-21T16:43:25.840] [DEBUG] debug-file - Incremental task entry:default@ProcessLibs post-execution cost:2 ms .
[2026-04-21T16:43:25.841] [DEBUG] debug-file - Update task entry:default@CompileResource input file:D:\CanvasComponent-master\CanvasComponent-master\entry\src\main\resources cache by regenerate.
[2026-04-21T16:43:25.846] [DEBUG] debug-file - Update task entry:default@CompileResource input file:D:\CanvasComponent-master\CanvasComponent-master\AppScope\resources cache by regenerate.
[2026-04-21T16:43:25.848] [DEBUG] debug-file - Update task entry:default@CompileResource input file:D:\CanvasComponent-master\CanvasComponent-master\entry\build\default\intermediates\process_profile\default\module.json cache by regenerate.
[2026-04-21T16:43:25.848] [DEBUG] debug-file - Update task entry:default@CompileResource input file:D:\CanvasComponent-master\CanvasComponent-master\entry\build\default\intermediates\res\default\resConfig.json cache by regenerate.
[2026-04-21T16:43:25.848] [DEBUG] debug-file - Update task entry:default@CompileResource output file:D:\CanvasComponent-master\CanvasComponent-master\entry\build\default\intermediates\res\default cache.
[2026-04-21T16:43:25.853] [DEBUG] debug-file - Update task entry:default@CompileResource output file:D:\CanvasComponent-master\CanvasComponent-master\entry\build\default\generated\r\default\ResourceTable.h cache.
[2026-04-21T16:43:25.853] [DEBUG] debug-file - Update task entry:default@CompileResource output file:D:\CanvasComponent-master\CanvasComponent-master\entry\build\default\generated\r\default cache.
[2026-04-21T16:43:25.854] [DEBUG] debug-file - Incremental task entry:default@CompileResource post-execution cost:14 ms .
[2026-04-21T16:43:25.854] [DEBUG] debug-file - Update task entry:default@DoNativeStrip input file:D:\CanvasComponent-master\CanvasComponent-master\entry\build\default\intermediates\libs\default cache by regenerate.
[2026-04-21T16:43:25.854] [DEBUG] debug-file - Update task entry:default@DoNativeStrip output file:D:\CanvasComponent-master\CanvasComponent-master\entry\build\default\intermediates\stripped_native_libs\default cache.
[2026-04-21T16:43:25.855] [DEBUG] debug-file - Incremental task entry:default@DoNativeStrip post-execution cost:1 ms .
[2026-04-21T16:43:25.856] [DEBUG] debug-file - Update task entry:default@CompileArkTS input file:D:\CanvasComponent-master\CanvasComponent-master\entry\build\default\intermediates\loader\default cache by regenerate.
[2026-04-21T16:43:25.856] [DEBUG] debug-file - Update task entry:default@CompileArkTS input file:D:\CanvasComponent-master\CanvasComponent-master\entry\build\default\intermediates\res\default\ResourceTable.txt cache by regenerate.
[2026-04-21T16:43:25.856] [DEBUG] debug-file - Update task entry:default@CompileArkTS input file:D:\CanvasComponent-master\CanvasComponent-master\entry\build\default\intermediates\res\default\ark_module.json cache by regenerate.
[2026-04-21T16:43:25.856] [DEBUG] debug-file - Update task entry:default@CompileArkTS input file:D:\CanvasComponent-master\CanvasComponent-master\entry\build\default\intermediates\res\default\resources\base\profile cache by regenerate.
[2026-04-21T16:43:25.857] [DEBUG] debug-file - Update task entry:default@CompileArkTS input file:D:\CanvasComponent-master\CanvasComponent-master\entry\src\main\ets cache by regenerate.
[2026-04-21T16:43:25.860] [DEBUG] debug-file - Update task entry:default@CompileArkTS input file:D:\CanvasComponent-master\CanvasComponent-master\entry\build\default\generated\profile\default\BuildProfile.ets cache by regenerate.
[2026-04-21T16:43:25.861] [DEBUG] debug-file - Update task entry:default@CompileArkTS output file:D:\CanvasComponent-master\CanvasComponent-master\entry\build\default\intermediates\loader_out\default\ets cache.
[2026-04-21T16:43:25.861] [DEBUG] debug-file - Incremental task entry:default@CompileArkTS post-execution cost:7 ms .
[2026-04-21T16:43:25.862] [DEBUG] debug-file - Update task entry:default@BuildJS input file:D:\CanvasComponent-master\CanvasComponent-master\entry\build\default\intermediates\loader\default cache by regenerate.
[2026-04-21T16:43:25.862] [DEBUG] debug-file - Update task entry:default@BuildJS input file:D:\CanvasComponent-master\CanvasComponent-master\entry\build\default\intermediates\res\default\ResourceTable.txt cache by regenerate.
[2026-04-21T16:43:25.863] [DEBUG] debug-file - Update task entry:default@BuildJS input file:D:\CanvasComponent-master\CanvasComponent-master\entry\build\default\intermediates\res\default\ark_module.json cache by regenerate.
[2026-04-21T16:43:25.863] [DEBUG] debug-file - Update task entry:default@BuildJS input file:D:\CanvasComponent-master\CanvasComponent-master\entry\build\default\intermediates\res\default\resources\base\profile cache by regenerate.
[2026-04-21T16:43:25.863] [DEBUG] debug-file - Update task entry:default@BuildJS output file:D:\CanvasComponent-master\CanvasComponent-master\entry\build\default\intermediates\loader_out\default\js cache.
[2026-04-21T16:43:25.864] [DEBUG] debug-file - Incremental task entry:default@BuildJS post-execution cost:3 ms .
[2026-04-21T16:43:25.864] [DEBUG] debug-file - Update task entry:default@CacheNativeLibs input file:D:\CanvasComponent-master\CanvasComponent-master\entry\build\default\intermediates\stripped_native_libs\default cache by regenerate.
[2026-04-21T16:43:25.864] [DEBUG] debug-file - Update task entry:default@CacheNativeLibs input file:D:\CanvasComponent-master\CanvasComponent-master\entry\build\default\intermediates\libs\default cache by regenerate.
[2026-04-21T16:43:25.864] [DEBUG] debug-file - Update task entry:default@CacheNativeLibs output file:D:\CanvasComponent-master\CanvasComponent-master\entry\build\default\intermediates\patch\default\base_native_libs.json cache.
[2026-04-21T16:43:25.865] [DEBUG] debug-file - Incremental task entry:default@CacheNativeLibs post-execution cost:1 ms .
[2026-04-21T16:43:25.865] [DEBUG] debug-file - Update task entry:default@GeneratePkgModuleJson input file:D:\CanvasComponent-master\CanvasComponent-master\entry\build\default\intermediates\res\default\module.json cache by regenerate.
[2026-04-21T16:43:25.865] [DEBUG] debug-file - Update task entry:default@GeneratePkgModuleJson output file:D:\CanvasComponent-master\CanvasComponent-master\entry\build\default\intermediates\package\default\module.json cache.
[2026-04-21T16:43:25.868] [DEBUG] debug-file - Incremental task entry:default@GeneratePkgModuleJson post-execution cost:4 ms .
[2026-04-21T16:43:25.868] [DEBUG] debug-file - Incremental task entry:default@ProcessCompiledResources post-execution cost:1 ms .
[2026-04-21T16:43:25.869] [DEBUG] debug-file - Update task entry:default@PackageHap input file:D:\CanvasComponent-master\CanvasComponent-master\entry\build\default\intermediates\stripped_native_libs\default cache by regenerate.
[2026-04-21T16:43:25.869] [DEBUG] debug-file - Update task entry:default@PackageHap input file:D:\CanvasComponent-master\CanvasComponent-master\entry\build\default\intermediates\res\default\module.json cache by regenerate.
[2026-04-21T16:43:25.869] [DEBUG] debug-file - Update task entry:default@PackageHap input file:D:\CanvasComponent-master\CanvasComponent-master\entry\build\default\intermediates\res\default\resources cache by regenerate.
[2026-04-21T16:43:25.872] [DEBUG] debug-file - Update task entry:default@PackageHap input file:D:\CanvasComponent-master\CanvasComponent-master\entry\build\default\intermediates\res\default\resources.index cache by regenerate.
[2026-04-21T16:43:25.873] [DEBUG] debug-file - Update task entry:default@PackageHap input file:D:\CanvasComponent-master\CanvasComponent-master\entry\build\default\outputs\default\pack.info cache by regenerate.
[2026-04-21T16:43:25.873] [DEBUG] debug-file - Update task entry:default@PackageHap input file:D:\CanvasComponent-master\CanvasComponent-master\entry\build\default\intermediates\loader_out\default\ets cache by regenerate.
[2026-04-21T16:43:25.874] [DEBUG] debug-file - Update task entry:default@PackageHap input file:D:\CanvasComponent-master\CanvasComponent-master\entry\build\default\intermediates\loader_out\default\ets\sourceMaps.map cache by regenerate.
[2026-04-21T16:43:25.874] [DEBUG] debug-file - Update task entry:default@PackageHap input file:D:\CanvasComponent-master\CanvasComponent-master\entry\build\default\generated\profile\default\BuildProfile.ets cache by regenerate.
[2026-04-21T16:43:25.874] [DEBUG] debug-file - Update task entry:default@PackageHap output file:D:\CanvasComponent-master\CanvasComponent-master\entry\build\default\outputs\default\entry-default-unsigned.hap cache.
[2026-04-21T16:43:25.875] [DEBUG] debug-file - Update task entry:default@PackageHap output file:D:\CanvasComponent-master\CanvasComponent-master\entry\build\default\intermediates\source_map\default\sourceMaps.map cache.
[2026-04-21T16:43:25.875] [DEBUG] debug-file - Update task entry:default@PackageHap output file:D:\CanvasComponent-master\CanvasComponent-master\entry\build\default\outputs\default\mapping\sourceMaps.map cache.
[2026-04-21T16:43:25.876] [DEBUG] debug-file - Incremental task entry:default@PackageHap post-execution cost:8 ms .
[2026-04-21T16:43:25.876] [DEBUG] debug-file - Update task entry:default@SignHap input file:D:\CanvasComponent-master\CanvasComponent-master\entry\build\default\outputs\default\entry-default-unsigned.hap cache by regenerate.
[2026-04-21T16:43:25.876] [DEBUG] debug-file - Update task entry:default@SignHap output file:D:\CanvasComponent-master\CanvasComponent-master\entry\build\default\outputs\default\entry-default-signed.hap cache.
[2026-04-21T16:43:25.876] [DEBUG] debug-file - Incremental task entry:default@SignHap post-execution cost:1 ms .
[2026-04-21T16:43:25.877] [DEBUG] debug-file - Update task entry:default@CollectDebugSymbol input file:D:\CanvasComponent-master\CanvasComponent-master\entry\build\default\intermediates\loader_out\default\ets\sourceMaps.map cache by regenerate.
[2026-04-21T16:43:25.877] [DEBUG] debug-file - Update task entry:default@CollectDebugSymbol input file:D:\CanvasComponent-master\CanvasComponent-master\entry\build\default\intermediates\libs\default cache by regenerate.
[2026-04-21T16:43:25.877] [DEBUG] debug-file - Update task entry:default@CollectDebugSymbol output file:D:\CanvasComponent-master\CanvasComponent-master\entry\build\default\outputs\default\symbol cache.
[2026-04-21T16:43:25.878] [DEBUG] debug-file - Incremental task entry:default@CollectDebugSymbol post-execution cost:2 ms .
[2026-04-21T16:43:25.904] [DEBUG] debug-file - Cleanup worker 0.
[2026-04-21T16:43:25.904] [DEBUG] debug-file - Worker 0 has been cleaned up.
[2026-04-21T16:43:25.904] [DEBUG] debug-file - Current idle worker size: 4.
[2026-04-21T16:43:25.904] [DEBUG] debug-file - Current resident worker size: 5.
[2026-04-21T16:43:25.904] [DEBUG] debug-file - Cleanup worker 1.
[2026-04-21T16:43:25.904] [DEBUG] debug-file - Worker 1 has been cleaned up.
[2026-04-21T16:43:25.904] [DEBUG] debug-file - Current idle worker size: 3.
[2026-04-21T16:43:25.904] [DEBUG] debug-file - Current resident worker size: 5.
[2026-04-21T16:43:25.904] [DEBUG] debug-file - Cleanup worker 14.
[2026-04-21T16:43:25.905] [DEBUG] debug-file - Worker 14 has been cleaned up.
[2026-04-21T16:43:25.905] [DEBUG] debug-file - Current idle worker size: 2.
[2026-04-21T16:43:25.905] [DEBUG] debug-file - Current resident worker size: 5.
[2026-04-21T16:43:25.905] [DEBUG] debug-file - Cleanup worker 13.
[2026-04-21T16:43:25.905] [DEBUG] debug-file - Worker 13 has been cleaned up.
[2026-04-21T16:43:25.905] [DEBUG] debug-file - Current idle worker size: 1.
[2026-04-21T16:43:25.905] [DEBUG] debug-file - Current resident worker size: 5.
[2026-04-21T16:43:25.908] [DEBUG] debug-file - session manager: send message to worker process.
[2026-04-21T16:43:25.909] [DEBUG] debug-file - session manager: send message to worker process.
[2026-04-21T16:43:25.906] [DEBUG] debug-file - hvigor build process will be closed.
[2026-04-21T16:43:25.907] [DEBUG] debug-file - java daemon socket close code:1000 reason:close by user
[2026-04-21T16:43:25.909] [DEBUG] debug-file - worker[0] exits with exit code 1.
[2026-04-21T16:43:25.910] [DEBUG] debug-file - watch worker: worker id should be larger than 0. Nothing will be sent to any worker thread.
[2026-04-21T16:43:25.910] [DEBUG] debug-file - worker[1] exits with exit code 1.
[2026-04-21T16:43:25.911] [DEBUG] debug-file - watch worker: worker id should be larger than 0. Nothing will be sent to any worker thread.
[2026-04-21T16:43:25.913] [DEBUG] debug-file - worker[14] exits with exit code 1.
[2026-04-21T16:43:25.913] [DEBUG] debug-file - worker[13] exits with exit code 1.
